<?xml version="1.0" encoding="UTF-8"?>
<testsuite xmlns:xsi="http://www.w3.org/2001/XMLSchema-instance" xsi:noNamespaceSchemaLocation="https://maven.apache.org/surefire/maven-surefire-plugin/xsd/surefire-test-report-3.0.xsd" version="3.0" name="execucao.lojinha.alterarLojinha" time="1.833" tests="4" errors="0" skipped="0" failures="0">
  <properties>
[...]
</properties>
  <testcase name="alterar_2ProdutosnoCarrinho" classname="execucao.lojinha.alterarLojinha" time="0.475"/>
  <testcase name="alterar_produtoInvalido" classname="execucao.lojinha.alterarLojinha" time="0.434"/>
  <testcase name="alterar_ProdutonoCarrinho" classname="execucao.lojinha.alterarLojinha" time="0.455"/>
  <testcase name="alterar_Produto_MergeFalso" classname="execucao.lojinha.alterarLojinha" time="0.464"/>
</testsuite>